15877
16890
11485
2364
2702
2364
8783
-7770
19931
23984
32767
30741
23984
7431
17904
12499
3715
2702
1351
-4730
-11824
-17229
-21621
-24999
-27026
-27363
-28039
-27026
-22972
-18242
-13175
-6757
2364
17904
19931
32767
29727
28714
7431
17904
11485
2702
15877
7431
4053
10134
17904
10810
11485
13512
11485
8445
5405
-2027
-17905
-21621
-27363
-32093
-32767
-31417
-29053
-26012
-21621
-10135
-4730
12499
12161
-5068
22295
32767
26349
6418
27025
10134
10810
-1014
-5406
-9797
-30066
-32431
-32767
-20945
-16216
-7432
6418
12161
-6757
10810
32092
28714
23647
32767
27700
16890
2364
6418
7769
1351
14863
32767
22295
20944
32767
7769
4729
3715
-4730
-6757
-17229
-21621
-29728
-32767
-32093
-26012
-23310
-19256
-16891
-11824
-9121
-7770
-5068
-1352
4729
10810
13512
14526
2364
2364
-2703
16890
32767
2702
20944
4729
3715
1351
9796
10134
10810
13850
15877
26349
32767
12161
-11486
-32767
-29728
-29053
-28039
-19594
-12837
-7432
12161
13850
-8784
31078
32767
32092
30741
16215
8445
-3379
-32767
-29728
-28039
-25674
-23310
-17905
-7432
-3716
-7770
8445
15877
26349
32767
24660
8445
26011
12161
7769
2702
-3716
-9797
-29053
-32093
-32767
-32431
-28377
-21621
-9121
-2703
2702
16215
32767
26011
32767
28376
21620
28714
8445
7769
6080
-3716
-1352
-20945
-29053
-32767
-31079
-25674
-20269
-15202
-11824
-7770
-1014
2702
8445
10134
26011
31078
32767
32430
32767
23984
14526
31078
26011
12499
10134
6080
5405
-3379
-10811
-21958
-29053
-31417
-32767
-28377
-23310
-16216
-10135
-5068
-9121
4053
10134
12161
14863
30065
32767
17566
32767
18579
14863
14526
12499
-1352
-9797
-21958
-27363
-32767
-29053
-23310
-13175
-6081
2026
4053
12499
11485
18579
28714
30741
32767
6080
22295
32767
22633
20268
32092
28714
20268
14526
6080
-6081
-16891
-23648
-32093
-32767
-29053
-26012
2026
6418
2026
19931
27025
30741
32767
-5068
-27026
-7770
2026
4729
13512
10810
-2703
23984
32767
28376
23984
16215
14526
13512
13850
14863
16890
17566
13850
11485
8783
2026
-20269
-17229
-13851
-5068
4053
8445
14863
6080
18917
30065
32767
27700
32767
28714
32430
32767
15877
3715
16890
17904
26349
28376
22295
10134
2702
1351
5405
10810
31078
32767
31078
32767
31078
2026
-4730
4729
2364
1351
5405
17566
16890
14526
9796
-1352
4053
24998
32767
-7432
-22972
2026
7431
32767
-8784
-12837
-1352
-7432
-11824
-16216
-15202
-11824
7769
8783
30741
32767
30741
-4730
-16891
-27026
-32767
-32431
-29053
-27363
-19256
-13851
9796
6080
2026
-3379
-19256
-27026
-31417
-32767
-32093
-28039
-21621
-15540
15877
17904
18579
16215
13512
6080
2364
-6757
-1352
-24999
-31079
-22972
-18242
-15202
4729
14863
13512
10810
5405
-1014
-5068
-10135
-15540
-19256
-21621
-17229
-12837
4053
8445
11485
10134
-10811
-16891
-21621
-14189
-8784
-2027
6418
7431
6418
-1014
-2703
-6757
-7770
-4730
-2703
-6757
-9797
-17229
-21958
-27026
-28039
-29053
-30066
-29053
-26012
-6081
-2027
3715
5405
8783
10810
13850
15877
5405
8445
14863
12499
8783
4053
-7432
-8784
-9797
-11486
-15202
-15540
-16891
-17229
-16216
-14189
-11824
-8784
-5406
6080
22633
32767
10810
3715
-4730
-6081
-7432
-12837
-16891
-17905
-21621
-24323
-28039
-32767
-29053
-24323
-21958
-15540
-7770
5405
32092
32767
30741
1351
2702
10134
3715
-3716
-14189
-20945
-24323
-28039
-31079
-32767
-32431
-31417
-30066
-29053
-27363
-14189
-8784
-3716
-6081
4729
6418
8445
10810
11485
12161
13512
24998
29727
30065
30741
30065
8445
-10811
-1014
-6757
-14189
-27363
-30066
-32093
-32767
-19594
-15202
-7432
5405
15877
18579
16215
29727
32767
23984
4053
-2027
9796
6418
-15202
-7432
-15202
-26012
-32767
-29053
-20945
-15202
-9121
-2703
8783
26349
32767
30741
26011
-12837
-18242
-21958
-23310
-21958
-15540
-7432
4053
32767
23647
-2027
-10811
-25674
-32767
-28039
-20269
-8784
-1014
6080
5405
4053
26349
23647
32767
24998
-16216
7431
-3716
-11824
-28039
-30066
-31079
-29053
-24999
-1014
-3716
-5406
-7770
-10135
-14189
-16891
-19256
-25674
-28039
-28377
-29053
-28377
-27363
-24323
-21958
-10135
-7432
-5406
4053
5405
7769
8783
9796
10134
13850
14526
14863
13850
15877
12161
13850
12499
16215
17566
10134
17566
14526
11485
9796
7431
5405
4053
3715
2026
-2703
-7770
-11486
-17229
-20945
-24323
-29053
-29728
-31079
-32093
-32767
-27363
-27026
-25674
-21958
-20945
-17905
-15202
-10811
-7432
-2703
5405
10810
14863
5405
26011
27025
28714
32767
7431
32092
31078
5405
-4730
8445
-10811
-21621
-32767
-32431
-31417
-30066
-29728
-29053
-21621
-15540
-6757
2702
9796
4729
30741
31078
30065
32767
-9121
-6757
-16891
-31079
-32767
-28039
-23985
-11824
4729
9796
11485
17904
28376
32092
30065
32767
28714
3715
4729
-18242
-27701
-30404
-32767
-27026
-21283
-11824
-9797
4053
3715
26349
32767
26011
2026
-2703
-2703
-14864
-19932
-23985
-32767
-29390
-26350
-21621
6080
32767
32092
7431
10134
-6757
-15202
-30404
-32767
-17229
1351
13850
13850
4729
4053
4729
6418
28376
17566
28714
24998
5405
-4054
-8108
-15202
-13175
-9459
-5068
2364
9796
32767
-2703
6080
-12162
-23985
-25674
-31079
-32767
-30404
-7770
-10811
-12162
-14864
-1352
-9459
-19932
-27701
-32767
3715
28714
32767
12499
16890
7431
-3716
-7770
-11824
-12162
-14864
-15202
-9797
-3716
-3041
2026
2702
4053
2702
-23648
-13513
2702
3715
4053
4729
5405
6080
6418
7431
7769
8445
5405
-4054
-12162
-9121
-13513
-22296
-25674
-31079
-32767
-16216
-15878
4053
32092
32767
32430
-2703
3715
-1690
-13513
-29390
-32767
-32093
-7095
8445
32767
-9121
-1690
-14189
-32767
7431
-18242
32767
-5406
-18918
-31079
-32767
-31755
-24323
-8108
26011
32767
6418
4053
-7095
-30404
-32767
-27363
-2027
-3379
-676
3715
5405
2364
-30404
-32767
-29053
-11486
-3041
-15540
-16891
-12162
-9121
-15540
-16891
-16216
-15202
-13175
-12162
-9121
-3379
-3041
-4730
-4054
-1352
-1690
-4730
-7432
-8784
-20945
-21958
-23648
-21283
-20945
-12837
-7095
3715
6080
10810
16890
18579
11485
12499
20268
28714
30065
30741
31078
29727
27700
24998
22295
17566
12161
10810
12161
6418
4729
3715
2364
-6081
-20269
-31417
-27701
-30404
-32767
-30404
-28039
-26350
-17905
-17229
-16891
-17229
-16891
-15540
-13175
-1690
-5406
-7095
-9121
-12162
-15540
-26012
-23648
-26350
-29053
-30404
-32767
-32093
-30066
-23648
-20269
-15202
-9797
-6081
-11148
3715
6418
8783
11485
13850
14526
14863
15877
14863
15877
14863
14526
13512
10810
5405
2702
-8108
-11486
-14189
-17229
-21283
-27701
-29390
-31417
-32767
-27701
-26012
-22296
-19256
-12162
-11148
2364
7431
4053
28714
32430
32767
30741
11485
10810
12499
9796
-3379
-7432
-11148
-16216
-31755
-32767
-31417
-27363
7769
10810
6418
4729
5405
8445
2702
-1690
-8784
-17905
-29053
-32767
-29390
-19256
-10135
2364
6080
11485
12161
7431
4729
8445
2026
11485
32767
32092
32767
30741
13850
7431
4729
-28039
-30066
-32767
-27363
-15540
-7095
-4730
1351
4053
20268
15877
29727
32430
32767
14863
7431
10134
4053
-676
-6081
-12837
-20269
-32767
-31755
-31417
-32767
-29390
-30404
-32767
-26350
-21283
-13175
-4730
1351
4053
10134
7431
22295
28714
32767
29727
17566
13512
8783
2026
-676
-4054
-6081
-5406
-4054
-3041
-5406
-3379
-1690
-1352
-1690
-3041
-2027
-15540
1351
2026
1351
5405
6080
3715
2026
2702
4053
5405
6080
6418
4053
3715
2702
2026
1351
1351
1351
-1690
-3041
-4730
-4054
-3379
-4054
-3379
-5743
2026
1351
2364
2702
3715
4053
3715
2702
2364
2026
1351
-7095
2026
-8784
-2027
-676
-2027
-20269
-32767
-11148
-12837
-23310
-24323
-32767
-12162
-9121
-12162
-12837
-13175
-12162
-8108
1351
21620
32767
31078
28714
24660
8445
3715
2026
-11486
-15540
-17905
-19594
-20945
-27363
-28039
-30066
-31755
-32767
-29390
-21958
21620
32767
24998
2026
-20269
-11148
-14189
-20945
-32767
-30066
-8108
-3379
-8108
6080
8783
29727
28714
32767
32430
32767
26349
30741
29727
10810
4053
-4054
-11148
-27363
-32767
-31417
-28039
-21958
-20945
-17905
-16216
-13851
-11486
-2027
-8784
-3041
30065
27025
32767
-13175
-13851
-5743
-10135
-18242
-16891
-3379
-29390
-31755
-32767
-30066
-26350
2026
7431
8445
9796
2026
2364
-2027
-4730
-9121
-7095
-7432
-8108
-8784
-9121
-9797
-11486
-17229
-18242
-21283
-9121
-7432
-17905
2702
2364
7769
4729
13512
7769
21620
24998
23984
28376
29727
32767
32092
30065
32767
32430
2364
4053
4729
2364
-6081
-7432
-9797
-10135
-14189
-16216
-19256
-21958
-23310
-27363
-26350
-24323
-23648
-24999
-25337
-26012
-27363
-27701
-26350
-24323
-23310
-17905
-9797
-7432
-8108
-6081
-5743
-17905
1351
3715
6080
6418
11485
13850
12499
2702
2364
2702
23647
20268
20944
28376
28714
31078
30065
32430
32767
30065
29727
30065
21620
23984
4729
12499
14526
10134
8445
8783
4053
2364
1351
-1690
-7095
-10135
-23648
-26012
-26350
-29390
-30066
-32767
-31417
-23648
-23310
-20945
-17905
-15202
-4054
2026
3715
4729
6080
8445
10810
12161
13850
14863
8783
-1690
6080
15877
22633
23984
28714
30065
32430
32767
30065
29727
27700
16890
5405
14526
10810
4729
1351
-676
-5406
-6081
-11486
-14189
-19256
-20269
-23648
-26350
-28039
-30066
-31417
-32767
-32093
-27701
-25337
-23648
-20945
-19594
-15202
-12837
-9121
-6081
4729
7431
13850
6418
6080
18917
11485
32767
31078
30065
28714
26349
-11486
6418
7769
4053
-676
-1352
-1690
-2027
-4054
-19594
-11486
-23310
-4730
-16216
-10135
-1690
-13175
2026
2364
4053
-4054
8445
18917
32767
30065
32767
30065
7431
2702
2364
-7095
-9797
-26350
-27701
-27363
-32767
-30404
-29053
-7432
-676
2026
2702
5405
2026
7769
9796
8783
11485
12499
10134
-3379
-676
-4054
-22296
-26350
-27701
-28039
-30404
-31417
-32767
-31755
-31417
-30404
-29390
-29053
-29390
-30066
-27363
-29053
-28039
-15540
-13851
-13175
-8108
-6081
-3379
-1352
-1352
4729
10134
7431
4729
13512
13850
14863
15877
16215
16890
16215
12499
10810
13512
20944
5405
22633
22295
11485
15877
20944
20268
27700
32767
28714
32767
30741
32767
30065
31078
28376
16890
22633
19931
4053
13512
14526
9796
10134
9796
10810
12499
12161
10810
24660
12499
26011
17566
30741
32767
27025
27700
14526
24660
22633
23647
2364
14863
10134
2026
-10135
-15202
-19594
-21283
-23310
-24323
-25337
-24999
-30404
-32093
-32767
-28039
-27363
-27701
-27363
-19256
-15202
-10135
2026
7431
8445
7431
12161
13850
12499
6418
18579
22633
26349
24998
4729
10810
8445
12499
12161
12499
12161
10134
20944
22295
22633
11485
20268
13512
13850
32767
28376
31078
27025
22295
32767
32430
18579
4053
32767
20268
30065
31078
27025
22633
13850
24660
12499
31078
27700
26011
2364
11485
8445
23647
23984
22295
13850
10134
7431
12161
11485
8783
5405
