2702
8107
2026
2364
3715
4053
3715
4053
6080
4729
6080
2026
-1352
-4730
-7095
-1352
-15202
-21958
-18242
-22972
-14189
-7770
8107
2702
8107
7769
10472
7769
8107
9796
6756
2026
5405
7769
3715
2364
-8108
-2027
-4730
-14189
-17229
-19594
-19256
-11486
-6757
-5406
-9121
-12837
15877
4053
9458
8107
6418
14863
3715
8783
20944
21620
27025
28714
30741
28714
32430
22633
20268
19931
25673
28376
24998
32767
29727
32767
29727
9458
7769
18579
2364
6418
-676
-14189
-11486
-3041
-5743
-7095
-16216
-23985
-1352
-13175
-11486
-676
2702
12836
14863
9796
17566
18579
17904
20268
29727
28714
29727
26687
29727
26011
-3041
2026
-20269
-32767
-7095
-10811
-5743
-11824
-29053
-20945
-14189
-1690
-3041
-18242
-13175
-3379
-1352
14526
21620
13512
16890
12161
13512
4053
8783
21620
22633
21957
22633
21957
8783
10810
10472
8783
9458
-5406
6080
-10811
-21621
2702
2364
2702
-5743
-15540
-17229
-32093
-21958
-29390
-23310
-25337
-29053
-1690
-1352
-1690
-9459
-13175
-5743
-3041
26011
6080
7769
10472
1351
18579
17904
21957
24322
22971
2026
13512
23984
18579
17566
22633
17904
27025
9458
22633
30065
32767
-676
-5406
-1690
18917
18579
13512
-676
-5743
-13175
-9121
-19256
-22972
-24323
-25674
-23985
-20945
-17905
-5406
-4730
-676
-14189
-6757
-2027
6756
18917
21957
14526
24322
12161
30065
24998
18917
14863
14526
16215
-19256
-11824
-32767
-21958
-22296
-28039
-20269
-21958
-23648
-25337
-26012
-23310
-16216
-9121
-4730
-5743
-18242
-6081
-676
-15202
-16891
21620
10810
19931
20944
21957
17566
30741
20944
26011
23984
28376
26011
30741
32767
18917
16890
-4730
-12162
-5743
-32767
-26350
-9797
-13175
-20269
-21283
-23648
-16891
-12837
-21283
-4054
-7432
-1352
-11486
-16891
-15202
-12837
675
18917
17566
20944
21957
28376
21620
14526
20268
26011
32092
24322
32767
17566
24322
-11148
-2027
-5406
-21283
-16891
-8784
-21958
-23310
-25337
-27701
-30066
-19256
-10135
-12162
-10135
-9797
-9121
-14189
-17229
-10135
-6081
17566
25673
17904
21957
19931
20944
30065
31078
24322
27025
26011
32767
9458
19931
-5406
-12837
-25337
-12162
-11148
-21283
-25337
-23648
-22296
-20945
-7432
-8784
-5406
-4054
-24999
-8108
-11148
-3041
18579
18917
9458
22633
26687
14863
23984
27025
26687
31078
28714
24322
13512
20268
8783
-27701
-11148
-25337
-30404
-9121
-20945
-22296
-24323
-23310
-18242
-13851
-5406
-2027
-4054
-3041
-12837
-29390
-4730
-17229
-15540
-11148
-4054
2702
29727
16890
19931
22633
28376
31078
30065
22971
24322
23984
28038
12836
14526
20944
12836
12161
32767
-9121
-13175
-17229
-9797
-16891
-11486
-9797
-18242
-20945
-24999
-25337
-9797
-3041
-7432
-19256
-14189
5405
-17229
-2027
-4054
-4730
-5406
-7432
-6081
-5743
-4730
-2027
1351
4053
2702
2364
4053
4729
6080
-4054
12161
13512
14526
6080
5405
-1690
-1352
-2027
-5406
-676
-17229
-16891
-17905
-19594
-14189
-20269
-21958
-15540
4053
3715
-1690
11823
9458
7769
-4730
-11148
-24999
-23648
-26012
-16216
-11486
-18242
-3379
8107
-7432
-11148
-3041
-25337
-24323
-27363
-30404
-21283
-8784
-4730
-16216
-6081
-9797
-26350
-19256
-21283
-26012
-24999
-20269
-13175
-5406
-1690
-1690
-21283
-21958
-29053
-23648
-16891
-7095
-11486
-2027
-9797
-16216
-24999
-23310
-19594
-8108
-8784
-17905
-9797
-16891
-21958
-24323
-16891
-13175
-20945
-8784
-1352
2026
6418
2026
10472
21620
20268
-4054
-8108
-10135
-15540
-18242
-20269
-20945
-19594
-19256
-18242
-4054
-9121
-12162
-15540
-5743
-9121
-21958
-23310
-18242
-12837
-8784
-4730
-1352
12836
13512
13850
21957
23984
24998
23984
22971
15877
8783
6418
4729
6756
-3379
-8108
-12837
-19256
-16216
-16891
-23310
-21958
-23310
-21283
-26012
-22296
-23310
-21958
-15540
-25337
18579
24322
30741
7769
2026
17566
15877
12161
29727
28038
27025
12161
20944
675
-676
-7432
5405
-17229
-11486
-12837
-20945
-21283
-26350
-25337
-23310
-29053
-8784
-6081
-24999
-5406
-4054
-32767
-7095
10472
1351
18579
24998
13512
22633
14863
32767
30065
18579
18917
21620
22971
19931
20944
17904
32767
32092
32430
18579
6418
22633
6418
9796
2364
24998
15877
675
2364
-17229
-1352
-12837
-27363
-21283
-15540
-8108
-7432
-4730
16215
8783
6418
5405
26011
21957
26687
22633
9796
18917
26011
20944
-18242
-23310
-11148
-9121
-20269
-21283
-24323
-29053
-20945
-17229
-13175
-15202
6080
28376
30741
32767
675
-5743
-9121
-19256
-20269
-19256
-11148
9458
11823
20268
19931
14863
4729
5405
2364
-9121
-1352
-4054
-8784
-6081
-5743
-9121
-676
675
2026
675
-1352
-3041
-3379
-4054
-1690
1351
2364
2702
1351
21620
20944
1351
675
2026
2026
-1352
-4730
-4054
-4730
-3379
-5743
-8784
-14189
-12837
-18242
-19256
-9121
4053
4729
3715
9458
6418
6080
2364
6756
-15540
-16891
-20945
-676
-2027
-5406
-4054
-6081
-11486
-21283
-25337
-26012
-25337
-30066
-25337
-21283
-15202
-10135
-15202
-12837
-20269
10810
-8784
-9121
-10135
-15540
-25337
14863
4729
21620
12836
18579
25673
22633
25673
27025
32430
19931
8783
4053
3715
-6081
-16216
-1690
-8784
-20945
-21958
-21283
-23310
-24323
-23648
-21283
-15202
-4730
675
-24999
-24323
-13175
-9121
-3041
-9797
-5743
-676
-676
-1690
11823
22971
24998
11823
21620
32767
30741
14863
26687
26011
20268
18917
13850
17566
-676
-9121
-8784
-4730
-5743
-6081
-7432
-676
-17905
-27363
-26012
-32767
-20945
-21283
-4054
25673
5405
6756
20944
14863
20268
15877
27025
25673
16215
9796
11823
4053
8783
12161
18917
14526
17904
16215
21620
23984
12161
675
28038
-2027
9796
7769
-4730
-16891
-23648
-24323
-17229
-15540
-20945
-16891
-24323
-25337
-27701
-1352
14526
13850
12161
9796
17566
26687
20944
6756
9796
-4054
-3041
-16216
-32767
-7432
-13851
-16891
-15540
2702
2364
30065
16215
30741
32767
16890
9796
29727
20944
24322
23984
675
2026
1351
8783
32767
-9121
-22296
-14189
-24323
-17905
-1352
-11148
-10135
-3041
-13175
-17905
-5406
-9797
-676
-32767
2026
2702
32767
26011
32767
28714
31078
32767
14526
14863
16890
12161
14526
5405
-15202
-12162
-5406
-10135
-5743
-12837
-11148
-13851
-16216
-16891
-23310
-21283
-8108
1351
5405
10810
16890
32767
-4054
2364
8783
14863
28714
32767
29727
26687
16890
15877
13850
17904
12161
10472
17566
12161
675
-3041
-7432
-8108
-14189
-20269
-26350
-21283
-3041
-17229
-32767
-11486
-29053
-32767
-13851
3715
13850
19931
14526
32767
3715
2364
4729
4053
9796
6080
9458
8783
5405
2702
16215
14863
16215
14863
14526
13850
8783
15877
17904
14863
17904
17566
16890
14863
15877
14526
13512
11823
12161
10810
13850
15877
32767
14526
12836
13512
8783
6756
7769
10472
24998
32767
-10135
-11486
-21283
-32767
-24999
-19594
-32767
-22296
-30404
-32767
-30404
-26012
-32093
-29390
-32767
-26350
-21958
-20269
-21283
-23310
-19594
-25337
-22296
-20269
-21283
-21958
-21283
-19594
-8784
-4054
-26350
-24999
-32767
-4054
2702
-9121
-4054
-18242
-28039
-32767
-9121
-8784
-12162
-6081
-8108
4729
-10135
4729
5405
32767
21957
17566
3715
4053
3715
2702
3715
2026
-15202
-8108
22971
32767
8783
32767
8107
2026
-2027
-1352
-4054
-3041
-4730
-9797
-31755
-4730
-28039
-26012
-32767
-10135
-4730
-2027
-13851
-1352
-4054
-7095
-3041
-1690
-3379
-1690
-9797
-4054
6756
1351
675
2364
-32767
-3041
-5743
-2027
-11486
-16216
-8784
-7432
-5743
-11148
-15540
-11486
-13851
-9797
-11486
-6081
-7432
-3379
-3379
-4054
2026
21620
17566
22633
20944
25673
14526
3715
4729
8783
2364
26011
30065
28376
30065
16890
9796
12836
10810
20944
16215
9458
11823
5405
6080
4729
2702
2364
2026
-5743
-8108
-15202
-15540
-15202
-12837
-22296
-29390
-23648
-27363
-32767
-676
-1352
-6081
4053
23984
32767
29727
24322
32767
20268
13850
8107
9796
-1352
-4054
-3379
-8108
-12162
-12837
-14189
-13851
-16891
-7095
-17905
-13851
-21958
-26350
-24999
-25337
-21283
-20945
-7095
-15540
-5743
-9797
-29390
-10135
-21283
-3379
5405
12161
31078
32767
28714
18917
10472
2364
1351
675
8107
6756
4729
5405
4729
5405
11823
8783
11823
14526
10810
14526
11823
14863
12161
14863
12161
4729
-23648
-24323
-26012
-20945
-22296
-19594
-19256
-16891
-15540
-18242
-8784
-11148
-6081
-23648
-32767
-6081
6418
2364
6756
-4054
2702
10472
9796
2364
29727
30741
32767
16890
17566
21620
30741
26687
24322
27025
32767
-676
6418
-3379
-11486
8783
8107
-8108
1351
-1352
-2027
32767
20944
24322
19931
16215
24998
28714
26011
20944
26011
31078
20944
30065
32092
31078
28714
-4054
-1690
-4054
-3041
-16216
-23310
-21958
-32767
-28039
-26012
-24323
-17229
-10135
-18242
-5743
-8108
675
9458
32767
24322
28714
30741
21957
19931
16215
19931
30741
32767
-4730
-21958
-24323
-20269
-11486
-24999
-24323
-3041
-19256
-32093
-32767
-9797
-15540
-16216
-7432
6756
14526
10810
28714
30065
30741
32430
30741
27025
6756
1351
-3379
-7432
-9797
-15202
-11486
-8108
-5743
-6081
-8784
-4730
-15202
-30404
-19594
-21283
-25337
-14189
-19594
-32767
-21958
-26012
-26350
-26012
-23310
-17905
-3379
2026
2702
8783
4053
2026
2364
12161
17904
20944
6080
7769
-7432
-2027
-676
5405
2026
2702
-7432
-4730
-9797
-7095
-15202
-13175
-11486
-8108
32767
4729
-10135
-4730
-21958
-676
-5743
-7432
-4054
-1352
-6081
-676
-4730
-5743
-7095
-6081
-8108
-3379
-4730
-5743
-4054
-7432
-3041
-1352
2026
675
2026
675
2026
2026
675
2026
2026
675
1351
2026
1351
675
1351
-2027
-676
-6081
-4730
-5406
5405
4729
6080
4053
675
2702
-11486
-19256
-13175
-11486
-15202
675
675
1351
675
1351
-21283
-11148
-17229
-13175
6418
9458
14863
21620
24322
20944
675
10472
6080
9458
28376
-5406
-3379
-1352
-3379
-6081
-10135
-7095
-8108
-11148
-12837
-16216
-15202
-15540
-9797
-12837
-11486
-7095
-6081
-12837
-13851
-9797
-13851
-15540
-15202
-11148
-9797
-11148
-6081
-5406
-4730
-7432
-12162
-15540
-18242
-21958
-21283
-19256
-25337
-24323
-23310
-20269
-21958
-24999
-25337
-21283
-20269
-19594
-21958
-20269
-17905
-19256
-21958
-24323
-20269
-24323
-26012
-19594
-11486
-14189
-20269
-16891
-22296
-21958
-13851
-16216
-13851
-19256
-23648
-25337
-28039
-29390
-31417
-30404
-30066
-29053
-28039
-27701
-29053
-23648
-24999
-19594
-20269
-22296
-27363
-23310
-17905
-21958
-5406
-2027
-16216
-16891
-16216
-4054
-24999
-32767
-8108
-13175
-17229
-16891
-7432
-5406
-676
20268
-8784
-17905
-3379
-4054
-25337
-26350
-14189
-20945
-19594
-5743
-19594
-13175
-12162
-16216
-23648
-24999
-18242
-19256
9458
-19594
-22296
-25337
-21283
-17905
-23310
-26350
-25337
-23648
-25337
-16891
-15540
-10135
-27363
-32767
-13175
-11486
-15540
-26012
-8784
14526
21620
14526
26687
28376
30741
21957
22633
-23648
-3379
-13175
-8108
-12162
-20945
-23310
-14189
-24323
-32767
-16891
-676
-17905
32767
16215
14526
28376
29052
26011
18241
24660
26349
-7095
-12837
-11486
-29390
-30404
-8784
-3041
-13175
14526
9458
13512
16890
17904
32767
13512
1351
28376
24660
26011
18579
-3041
-5406
-3379
-3041
-5406
1351
-5406
1689
10134
12161
22633
10472
3378
2364
2702
2364
1351
675
3378
2702
3378
16552
13850
14526
8445
-1690
-4054
-6081
-7432
-2027
-9121
-5743
-8108
-4054
-2027
-3041
-5406
-11486
-7432
-8108
-5406
-1352
-3041
-676
-5406
-11148
-3041
-1352
-17905
-19256
-13175
-8784
-13851
-12162
-5406
-5743
1689
2364
675
2364
675
-676
-4730
-7095
-1690
-5743
-11486
-3041
-11486
-8108
-11148
-9121
-15202
-19594
-20945
-5743
-8108
-11486
-8108
-17905
-21958
-24999
-16891
-2027
-8784
-16891
-21283
-23648
-24323
-26012
-27363
-25337
-24323
-21283
-19256
-11148
-16216
-1690
-8784
-15540
-676
5742
-23648
-24999
-25337
-18242
-15540
-5743
4391
13850
16890
16215
15539
7431
4053
5742
16215
18579
19593
21620
22295
16215
13850
18241
20268
24322
26011
28376
27700
26011
22295
12499
1689
-1690
-20945
-676
-4730
-1352
-7095
-9797
-21958
-1690
2702
-7432
-13851
-6081
-10135
1689
13512
16215
7431
16890
15539
14526
24660
22633
14863
22633
24322
22295
26011
20944
10472
10810
17904
32767
14863
10472
8783
6418
5742
-14189
4729
19931
-1690
-15540
-20269
-12837
-11148
-19594
-20945
-23310
-21283
-13175
-9121
-9797
-8784
-676
-3041
-676
-1352
-3041
4053
-8108
-15540
-19594
-14189
-11486
-5743
-8108
-1690
-9121
-26012
-27363
-27701
-27363
-24323
-23310
-21283
-22296
-24323
-9797
-7432
-2027
-1690
-25337
-19594
-2027
2364
18241
13850
18579
20944
27025
26011
16552
4391
12161
3378
16552
19593
14863
6418
5742
7431
6080
13850
19931
27700
22633
26011
17904
24322
26349
20944
30065
22633
23984
26011
22633
31754
22295
30741
26011
25673
29052
31754
30741
28714
22295
20944
22295
24322
23984
22633
22295
20268
16552
14863
16890
17904
22971
20944
20268
12499
6080
4053
13850
18579
14863
19593
8445
4729
-5743
-9121
-19594
-20269
10472
-9121
-9797
-8108
-6081
4053
-5406
-24999
-22296
-20269
1351
4391
6418
5742
12499
19593
21620
18241
25673
27025
14526
22295
1351
4053
10134
13512
7431
10472
4729
10810
25673
24322
24660
16552
1689
-5406
-3379
-12162
-13175
-23310
-19594
-9797
-12837
-17905
-26012
-27363
-29053
-22296
-19594
-14189
-9121
-7432
-6081
-9797
-7095
-676
-676
-12162
13512
2364
-12837
-4054
-7432
-12837
-15540
-6081
-11486
-16216
-20269
-16216
-12162
-11486
-1352
-676
-6081
-5743
16890
32767
15539
7769
8783
15539
24660
14863
17904
16890
18241
18579
20268
16552
12161
26349
21620
26349
28376
24322
22633
21620
22295
16215
24322
22633
22295
12499
13512
20944
18241
22295
22633
24322
26011
26349
30741
22971
22295
16215
12499
8783
