-16216
-23310
-20269
-23310
-16216
-15202
-18242
-19256
-20269
-13175
-11148
-13175
10472
9796
14188
14863
18579
19931
18579
21620
16890
14188
16215
18579
19931
24322
26011
22295
17904
22295
19931
13512
-11148
-16216
-24323
-15202
-14189
9796
11485
13512
12499
14863
19931
18579
19931
17904
-18242
-29390
-11148
-13175
-26350
-21283
-16216
-19256
-15202
9796
14863
10472
8783
14863
-12162
-21283
-10135
-16216
-19256
-29390
-22296
-27363
-21283
-24323
-26350
-10135
17904
13512
12499
16215
16890
-16216
-27363
-13175
-20269
-21283
-18242
-32767
-21958
-15540
-7432
11485
16890
24998
16215
17904
-5743
-5068
-20945
-32767
-12837
-3716
-27026
-30404
-32767
-31417
-17905
-8784
-2027
-2027
-8108
-3041
-3041
-5406
-2027
-3041
-2027
-3041
-4054
-2027
-3041
-3379
-2027
-2027
-2027
-2027
-2027
-7432
-6081
-3041
-2027
-3379
-2027
-3379
-4054
-3379
-3041
-2027
-4054
-3041
-2027
-4054
-2027
-3379
-3379
-3041
-3379
-2027
-2027
-3041
-3041
-3041
-2027
-4730
-5406
-3041
-4054
-2027
-5406
-2027
-3041
-32093
-32431
-18918
-23985
-26012
-8784
-3379
-29053
-13513
-19594
-18918
-32093
-29053
-27026
-23310
27025
-27363
-24999
-32767
-29053
-20945
-30066
-30404
-32767
-28039
-32767
-22972
-17905
-28039
-32767
-15878
-18918
-15878
-30404
-8108
32767
31754
32767
28038
32767
28714
8783
-27026
-12162
-15878
-13513
-15878
-18918
-23310
-31417
-21283
-27026
-32767
-13175
-7432
-25337
32767
20944
3715
12499
23647
26011
22295
22633
26011
-4730
-5068
-18242
-11486
-32767
-7095
-3379
-10135
13512
16215
12499
2702
18917
20944
32767
16215
2026
23984
24998
26349
15877
-2703
-1690
-3716
-1690
-3379
-3716
-7095
2364
-5743
12161
14526
27700
10810
5405
2364
3715
2364
3715
20268
15877
8783
-3379
-2703
-7095
-5743
-7432
-3379
-9121
-8108
-7432
-5743
-1690
-2703
-5743
-13851
-8108
-9459
-5743
-2703
-4730
-3379
-5068
-11824
-2703
-19594
-21621
-15202
-8108
-14864
-13175
-7095
-7432
2702
1351
2026
-1352
-5068
-9121
-2703
-4730
-12837
-3716
-13175
-9459
-11486
-12837
-14864
-21958
-21621
-8108
-6081
-11824
-7095
-17567
-24323
-26350
-19594
-10811
-17229
-23985
-27363
-29728
-30066
-29053
-27701
-26350
-24323
-22972
-14864
-16216
-1690
-13175
-18242
-6081
8445
-27701
-29053
-28377
-23310
-18918
-9121
4053
14526
17904
18579
17566
9796
7769
17904
22295
22633
23984
24660
20944
15877
21620
23984
29727
30741
27700
18579
6080
-24323
-6081
-1352
-6081
-10811
-26350
-4730
2364
4729
-8108
-18918
-9459
-10811
16890
12161
20268
14863
17904
28714
22295
18579
28376
30065
23647
26011
32092
23984
19931
13512
24998
32767
13512
10810
5405
4729
9796
-13175
19931
-9459
-16216
-15878
-10135
-20269
-18242
-22972
-17229
-13175
-12837
-14864
-10135
-13851
-5743
-5068
-3716
-5743
6418
-1352
-5743
-18918
-22972
-16216
-17229
-9459
-7095
-4730
-10811
-29728
-31079
-27363
-25337
-26350
-22972
-26350
-23310
-11486
-1690
-1352
-1690
-31079
-19594
-3379
5405
18917
13850
21620
27700
14863
7769
2702
9796
2026
11485
10810
6418
6080
8783
10134
7769
8445
12161
12499
13850
18579
20268
14863
18917
21620
13850
16890
14863
12499
13512
16215
12499
16890
13512
14863
17904
16215
14526
16215
15877
17566
16890
13850
14526
13512
16215
14526
13850
14526
13850
14526
12161
9796
12499
13512
11485
14863
13850
14526
11485
7769
6418
1351
13512
13850
11485
7769
13850
6418
-1690
-1690
-8108
-12837
-20269
-21621
10810
-11486
-16216
-11486
4729
-8108
-4730
-24323
-25337
-21621
7431
4729
9796
16890
13512
18579
16890
19931
22295
18579
20944
20268
4053
5405
12161
7431
16215
13512
10134
11485
23984
26349
20944
16890
8445
-5068
-3379
-2703
-3716
-14864
-21958
-20945
-13175
-13851
-20269
-26012
-29728
-28377
-30066
-23310
-15878
-10135
-12837
-7432
-13851
-1352
-5743
-2703
-2703
-10135
17904
6418
-15878
-9121
-8108
-15878
-16216
-12837
-13175
-18918
-21621
-17567
-18242
-12837
-5068
-3716
-7432
-9121
20268
32767
14863
7431
9796
14863
15877
8783
14526
17904
20944
18579
22633
20944
17566
32092
22295
32092
19931
27025
23984
18579
20268
21620
23984
28376
24660
17904
13850
26349
22295
27025
23984
28376
29727
28714
32767
32092
23647
17566
18579
10134
